0 info it worked if it ends with ok
1 verbose cli [ 'node',
1 verbose cli   'C:\\Users\\Administrator\\AppData\\Roaming\\npm\\node_modules\\npm\\bin\\npm-cli.js',
1 verbose cli   'publish',
1 verbose cli   'https://github.com/leornado/wnd-string-format/tarball/master' ]
2 info using npm@2.7.3
3 info using node@v0.12.0
4 verbose publish [ 'https://github.com/leornado/wnd-string-format/tarball/master' ]
5 silly cache add args [ 'https://github.com/leornado/wnd-string-format/tarball/master',
5 silly cache add   null ]
6 verbose cache add spec https://github.com/leornado/wnd-string-format/tarball/master
7 silly cache add parsed spec { raw: 'https://github.com/leornado/wnd-string-format/tarball/master',
7 silly cache add   scope: null,
7 silly cache add   name: null,
7 silly cache add   rawSpec: 'https://github.com/leornado/wnd-string-format/tarball/master',
7 silly cache add   spec: 'https://github.com/leornado/wnd-string-format/tarball/master',
7 silly cache add   type: 'remote' }
8 silly mapToRegistry name https://github.com/leornado/wnd-string-format/tarball/master
9 silly mapToRegistry using default registry
10 silly mapToRegistry registry https://registry.npmjs.org/
11 silly mapToRegistry uri https://github.com/leornado/wnd-string-format/tarball/master
12 verbose addRemoteTarball https://github.com/leornado/wnd-string-format/tarball/master not in flight; adding
13 verbose addRemoteTarball [ 'https://github.com/leornado/wnd-string-format/tarball/master',
13 verbose addRemoteTarball   null ]
14 info retry fetch attempt 1 at 18:42:52
15 info attempt registry request try #1 at 18:42:52
16 http fetch GET https://github.com/leornado/wnd-string-format/tarball/master
17 verbose request id b9e7f75fabb8b8d5
18 http fetch 200 https://github.com/leornado/wnd-string-format/tarball/master
19 silly fetchAndShaCheck shasum 573fc86aec26390213e1ec264872eed2c7d1a057
20 verbose addTmpTarball C:\Users\ADMINI~1\AppData\Local\Temp\npm-11140-171efac0\github.com\leornado\wnd-string-format\tarball\master not in flight; adding
21 verbose addTmpTarball validating metadata from C:\Users\ADMINI~1\AppData\Local\Temp\npm-11140-171efac0\github.com\leornado\wnd-string-format\tarball\master
22 verbose tar unpack C:\Users\ADMINI~1\AppData\Local\Temp\npm-11140-171efac0\github.com\leornado\wnd-string-format\tarball\master
23 verbose tar unpacking to C:\Users\ADMINI~1\AppData\Local\Temp\npm-11140-171efac0\unpack-8b8b8ab7be89
24 silly gentlyRm C:\Users\ADMINI~1\AppData\Local\Temp\npm-11140-171efac0\unpack-8b8b8ab7be89 is being purged
25 verbose gentlyRm don't care about contents; nuking C:\Users\ADMINI~1\AppData\Local\Temp\npm-11140-171efac0\unpack-8b8b8ab7be89
26 silly gunzTarPerm modes [ '777', '666' ]
27 silly gunzTarPerm extractEntry
28 silly gunzTarPerm modified mode [ '', 509, 511 ]
29 silly gunzTarPerm extractEntry .editorconfig
30 silly gunzTarPerm modified mode [ '.editorconfig', 436, 438 ]
31 silly gunzTarPerm extractEntry .gitattributes
32 silly gunzTarPerm modified mode [ '.gitattributes', 436, 438 ]
33 silly gunzTarPerm extractEntry .gitignore
34 silly gunzTarPerm modified mode [ '.gitignore', 436, 438 ]
35 silly gunzTarPerm extractEntry .idea/
36 silly gunzTarPerm modified mode [ '.idea/', 509, 511 ]
37 silly gunzTarPerm extractEntry .idea/encodings.xml
38 silly gunzTarPerm modified mode [ '.idea/encodings.xml', 436, 438 ]
39 silly gunzTarPerm extractEntry .idea/jsLibraryMappings.xml
40 silly gunzTarPerm modified mode [ '.idea/jsLibraryMappings.xml', 436, 438 ]
41 silly gunzTarPerm extractEntry .idea/misc.xml
42 silly gunzTarPerm modified mode [ '.idea/misc.xml', 436, 438 ]
43 silly gunzTarPerm extractEntry .idea/modules.xml
44 silly gunzTarPerm modified mode [ '.idea/modules.xml', 436, 438 ]
45 silly gunzTarPerm extractEntry .idea/scopes/
46 silly gunzTarPerm modified mode [ '.idea/scopes/', 509, 511 ]
47 silly gunzTarPerm extractEntry .idea/scopes/scope_settings.xml
48 silly gunzTarPerm modified mode [ '.idea/scopes/scope_settings.xml', 436, 438 ]
49 silly gunzTarPerm extractEntry .idea/vcs.xml
50 silly gunzTarPerm modified mode [ '.idea/vcs.xml', 436, 438 ]
51 silly gunzTarPerm extractEntry .idea/wnd-string-format.iml
52 silly gunzTarPerm modified mode [ '.idea/wnd-string-format.iml', 436, 438 ]
53 silly gunzTarPerm extractEntry .idea/workspace.xml
54 silly gunzTarPerm modified mode [ '.idea/workspace.xml', 436, 438 ]
55 silly gunzTarPerm extractEntry .jshintrc
56 silly gunzTarPerm modified mode [ '.jshintrc', 436, 438 ]
57 silly gunzTarPerm extractEntry Gruntfile.js
58 silly gunzTarPerm modified mode [ 'Gruntfile.js', 436, 438 ]
59 silly gunzTarPerm extractEntry README.md
60 silly gunzTarPerm modified mode [ 'README.md', 436, 438 ]
61 silly gunzTarPerm extractEntry package.json
62 silly gunzTarPerm modified mode [ 'package.json', 436, 438 ]
63 silly gunzTarPerm extractEntry src/
64 silly gunzTarPerm modified mode [ 'src/', 509, 511 ]
65 silly gunzTarPerm extractEntry src/wnd-string-format.js
66 silly gunzTarPerm modified mode [ 'src/wnd-string-format.js', 436, 438 ]
67 silly cache afterAdd wnd-string-format@0.0.1
68 verbose afterAdd C:\Users\Administrator\AppData\Roaming\npm-cache\wnd-string-format\0.0.1\package\package.json not in flight; writing
69 verbose afterAdd C:\Users\Administrator\AppData\Roaming\npm-cache\wnd-string-format\0.0.1\package\package.json written
70 silly publish { name: 'wnd-string-format',
70 silly publish   version: '0.0.1',
70 silly publish   dependencies: {},
70 silly publish   devDependencies:
70 silly publish    { grunt: '~0.4.2',
70 silly publish      'grunt-contrib-watch': '~0.5.3',
70 silly publish      'grunt-contrib-concat': '~0.3.0',
70 silly publish      'grunt-contrib-uglify': '~0.2.7',
70 silly publish      'grunt-contrib-jshint': '~0.7.2',
70 silly publish      'jshint-stylish': '^0.4.0',
70 silly publish      'load-grunt-tasks': '^0.4.0' },
70 silly publish   description: 'wondersgroup string format',
70 silly publish   repository:
70 silly publish    { type: 'git',
70 silly publish      url: 'https://github.com/leornado/wnd-string-format.git' },
70 silly publish   keywords: [ 'string', 'format' ],
70 silly publish   author: { name: 'leornado' },
70 silly publish   license: 'MIT',
70 silly publish   bugs: { url: 'https://github.com/leornado/wnd-string-format/issues' },
70 silly publish   homepage: 'https://github.com/leornado/wnd-string-format',
70 silly publish   readme: '### Welcome to GitHub Pages.\nThis automatic page generator is the easiest way to create beautiful pages for all of your projects. Author your page content here using GitHub Flavored Markdown, select a template crafted by a designer, and publish. After your page is generated, you can check out the new branch:\n\n```\n // 1\n "I\'m {0}. I\'m {1}.".format("leornado", 30);\n\n // 2\n "I\'m {name}. I\'m {age}.".format({name:"leornado", age:30});\n\n // result: "I\'m leornado. I\'m 30."\n```\n\n',
70 silly publish   readmeFilename: 'README.md',
70 silly publish   _id: 'wnd-string-format@0.0.1',
70 silly publish   _shasum: '573fc86aec26390213e1ec264872eed2c7d1a057',
70 silly publish   _resolved: 'https://github.com/leornado/wnd-string-format/tarball/master',
70 silly publish   _from: 'https://github.com/leornado/wnd-string-format/tarball/master' }
71 info prepublish wnd-string-format@0.0.1
72 silly mapToRegistry name wnd-string-format
73 silly mapToRegistry using default registry
74 silly mapToRegistry registry https://registry.npmjs.org/
75 silly mapToRegistry uri https://registry.npmjs.org/wnd-string-format
76 verbose publish registryBase https://registry.npmjs.org/
77 silly publish uploading C:\Users\Administrator\AppData\Roaming\npm-cache\wnd-string-format\0.0.1\package.tgz
78 verbose request uri https://registry.npmjs.org/wnd-string-format
79 verbose request sending authorization for write operation
80 info attempt registry request try #1 at 18:43:00
81 http request PUT https://registry.npmjs.org/wnd-string-format
82 http 409 https://registry.npmjs.org/wnd-string-format
83 verbose headers { date: 'Wed, 01 Apr 2015 10:42:59 GMT',
83 verbose headers   server: 'Apache',
83 verbose headers   'content-type': 'application/json',
83 verbose headers   'cache-control': 'max-age=60',
83 verbose headers   'content-length': '17',
83 verbose headers   'accept-ranges': 'bytes',
83 verbose headers   via: '1.1 varnish',
83 verbose headers   'x-served-by': 'cache-sn88-SIN',
83 verbose headers   'x-cache': 'MISS',
83 verbose headers   'x-cache-hits': '0',
83 verbose headers   'x-timer': 'S1427884978.243114,VS0,VE810',
83 verbose headers   'keep-alive': 'timeout=10, max=50',
83 verbose headers   connection: 'Keep-Alive' }
84 verbose request invalidating C:\Users\Administrator\AppData\Roaming\npm-cache\registry.npmjs.org\wnd-string-format on PUT
85 verbose request uri https://registry.npmjs.org/wnd-string-format?write=true
86 verbose request no auth needed
87 info attempt registry request try #1 at 18:43:03
88 http request GET https://registry.npmjs.org/wnd-string-format?write=true
89 http 200 https://registry.npmjs.org/wnd-string-format?write=true
90 verbose stack Error: cannot modify pre-existing version
90 verbose stack     at conflictError (C:\Users\Administrator\AppData\Roaming\npm\node_modules\npm\node_modules\npm-registry-client\lib\publish.js:184:11)
90 verbose stack     at CachingRegistryClient.putNext (C:\Users\Administrator\AppData\Roaming\npm\node_modules\npm\node_modules\npm-registry-client\lib\publish.js:147:15)
90 verbose stack     at C:\Users\Administrator\AppData\Roaming\npm\node_modules\npm\node_modules\npm-registry-client\lib\publish.js:129:15
90 verbose stack     at C:\Users\Administrator\AppData\Roaming\npm\node_modules\npm\lib\cache\caching-client.js:52:8
90 verbose stack     at f (C:\Users\Administrator\AppData\Roaming\npm\node_modules\npm\node_modules\once\once.js:17:25)
90 verbose stack     at C:\Users\Administrator\AppData\Roaming\npm\node_modules\npm\node_modules\npm-registry-client\lib\request.js:73:16
90 verbose stack     at f (C:\Users\Administrator\AppData\Roaming\npm\node_modules\npm\node_modules\once\once.js:17:25)
90 verbose stack     at CachingRegistryClient.<anonymous> (C:\Users\Administrator\AppData\Roaming\npm\node_modules\npm\node_modules\npm-registry-client\lib\request.js:262:12)
90 verbose stack     at Request._callback (C:\Users\Administrator\AppData\Roaming\npm\node_modules\npm\node_modules\npm-registry-client\lib\request.js:178:14)
90 verbose stack     at Request.self.callback (C:\Users\Administrator\AppData\Roaming\npm\node_modules\npm\node_modules\request\request.js:344:22)
91 verbose pkgid wnd-string-format
92 verbose cwd D:\javascript\webstorm_ws\wnd-string-format
93 error Windows_NT 6.1.7601
94 error argv "node" "C:\\Users\\Administrator\\AppData\\Roaming\\npm\\node_modules\\npm\\bin\\npm-cli.js" "publish" "https://github.com/leornado/wnd-string-format/tarball/master"
95 error node v0.12.0
96 error npm  v2.7.3
97 error code EPUBLISHCONFLICT
98 error publish fail Cannot publish over existing version.
98 error publish fail Update the 'version' field in package.json and try again.
98 error publish fail
98 error publish fail To automatically increment version numbers, see:
98 error publish fail     npm help version
99 verbose exit [ 1, true ]
